Build started 16.01.2013 15:55:19.
     1>Project "c:\Users\marc.zaku\documents\visual studio 2010\Projects\GLWorld\GLWorld\GLWorld.vcxproj" on node 3 (build target(s)).
     1>InitializeBuildStatus:
         Creating "c:\users\marc.zaku\documents\visual studio 2010\Projects\GLWorld\build/x64Debug\GLWorld.unsuccessfulbuild" because "AlwaysCreate" was specified.
       ClCompile:
         c:\Program Files (x86)\Microsoft Visual Studio 10.0\VC\bin\x86_amd64\CL.exe /c /Zi /nologo /W3 /WX- /Od /D WIN32 /D _DEBUG /D _WINDOWS /D _UNICODE /D UNICODE /Gm /EHsc /RTC1 /MTd /GS /fp:precise /Zc:wchar_t /Zc:forScope /Yc"StdAfx.h" /Fp"c:\users\marc.zaku\documents\visual studio 2010\Projects\GLWorld\build/x64Debug\GLWorld__x64Debug.pch" /Fo"c:\users\marc.zaku\documents\visual studio 2010\Projects\GLWorld\build/x64Debug\\" /Fd"c:\users\marc.zaku\documents\visual studio 2010\Projects\GLWorld\build/x64Debug\vc100.pdb" /Gd /TP /errorReport:prompt stdafx.cpp
         stdafx.cpp
         c:\Program Files (x86)\Microsoft Visual Studio 10.0\VC\bin\x86_amd64\CL.exe /c /Zi /nologo /W3 /WX- /Od /D WIN32 /D _DEBUG /D _WINDOWS /D _UNICODE /D UNICODE /Gm /EHsc /RTC1 /MTd /GS /fp:precise /Zc:wchar_t /Zc:forScope /Yu"StdAfx.h" /Fp"c:\users\marc.zaku\documents\visual studio 2010\Projects\GLWorld\build/x64Debug\GLWorld__x64Debug.pch" /Fo"c:\users\marc.zaku\documents\visual studio 2010\Projects\GLWorld\build/x64Debug\\" /Fd"c:\users\marc.zaku\documents\visual studio 2010\Projects\GLWorld\build/x64Debug\vc100.pdb" /Gd /TP /errorReport:prompt GLWorld.cpp
         GLWorld.cpp
       ResourceCompile:
         C:\Program Files (x86)\Microsoft SDKs\Windows\v7.0A\bin\rc.exe /D _UNICODE /D UNICODE /l"0x0409" /nologo /fo"c:\users\marc.zaku\documents\visual studio 2010\Projects\GLWorld\build/x64Debug\GLWorld.res" GLWorld.rc 
       ManifestResourceCompile:
         C:\Program Files (x86)\Microsoft SDKs\Windows\v7.0A\bin\rc.exe /nologo /fo"c:\users\marc.zaku\documents\visual studio 2010\Projects\GLWorld\build/x64Debug\GLWorld__x64Debug.exe.embed.manifest.res" "c:\users\marc.zaku\documents\visual studio 2010\Projects\GLWorld\build/x64Debug\GLWorld__x64Debug_manifest.rc" 
       Link:
         c:\Program Files (x86)\Microsoft Visual Studio 10.0\VC\bin\x86_amd64\link.exe /ERRORREPORT:PROMPT /OUT:"c:\users\marc.zaku\documents\visual studio 2010\Projects\GLWorld\bin\GLWorld__x64Debug.exe" /INCREMENTAL /NOLOGO kernel32.lib user32.lib gdi32.lib winspool.lib comdlg32.lib advapi32.lib shell32.lib ole32.lib oleaut32.lib uuid.lib odbc32.lib odbccp32.lib /MANIFEST /ManifestFile:"c:\users\marc.zaku\documents\visual studio 2010\Projects\GLWorld\build/x64Debug\GLWorld__x64Debug.exe.intermediate.manifest" /MANIFESTUAC:"level='asInvoker' uiAccess='false'" /DEBUG /PDB:"c:\users\marc.zaku\documents\visual studio 2010\Projects\GLWorld\bin\GLWorld__x64Debug.pdb" /SUBSYSTEM:WINDOWS /TLBID:1 /DYNAMICBASE /NXCOMPAT /IMPLIB:"c:\users\marc.zaku\documents\visual studio 2010\Projects\GLWorld\bin\GLWorld__x64Debug.lib" /MACHINE:X64 "c:\users\marc.zaku\documents\visual studio 2010\Projects\GLWorld\build/x64Debug\GLWorld.res"
         "c:\users\marc.zaku\documents\visual studio 2010\Projects\GLWorld\build/x64Debug\GLWorld__x64Debug.exe.embed.manifest.res"
         "c:\users\marc.zaku\documents\visual studio 2010\Projects\GLWorld\build/x64Debug\GLWorld.obj"
         "c:\users\marc.zaku\documents\visual studio 2010\Projects\GLWorld\build/x64Debug\stdafx.obj"
         GLWorld.vcxproj -> c:\users\marc.zaku\documents\visual studio 2010\Projects\GLWorld\bin\GLWorld__x64Debug.exe
       Manifest:
         C:\Program Files (x86)\Microsoft SDKs\Windows\v7.0A\bin\mt.exe /nologo /verbose /out:"c:\users\marc.zaku\documents\visual studio 2010\Projects\GLWorld\build/x64Debug\GLWorld__x64Debug.exe.embed.manifest" /manifest "c:\users\marc.zaku\documents\visual studio 2010\Projects\GLWorld\build/x64Debug\GLWorld__x64Debug.exe.intermediate.manifest"
         C:\Program Files (x86)\Microsoft SDKs\Windows\v7.0A\bin\rc.exe /nologo /fo"c:\users\marc.zaku\documents\visual studio 2010\Projects\GLWorld\build/x64Debug\GLWorld__x64Debug.exe.embed.manifest.res" "c:\users\marc.zaku\documents\visual studio 2010\Projects\GLWorld\build/x64Debug\GLWorld__x64Debug_manifest.rc" 
       LinkEmbedManifest:
         c:\Program Files (x86)\Microsoft Visual Studio 10.0\VC\bin\x86_amd64\link.exe /ERRORREPORT:PROMPT /OUT:"c:\users\marc.zaku\documents\visual studio 2010\Projects\GLWorld\bin\GLWorld__x64Debug.exe" /INCREMENTAL /NOLOGO kernel32.lib user32.lib gdi32.lib winspool.lib comdlg32.lib advapi32.lib shell32.lib ole32.lib oleaut32.lib uuid.lib odbc32.lib odbccp32.lib /MANIFEST /ManifestFile:"c:\users\marc.zaku\documents\visual studio 2010\Projects\GLWorld\build/x64Debug\GLWorld__x64Debug.exe.intermediate.manifest" /MANIFESTUAC:"level='asInvoker' uiAccess='false'" /DEBUG /PDB:"c:\users\marc.zaku\documents\visual studio 2010\Projects\GLWorld\bin\GLWorld__x64Debug.pdb" /SUBSYSTEM:WINDOWS /TLBID:1 /DYNAMICBASE /NXCOMPAT /IMPLIB:"c:\users\marc.zaku\documents\visual studio 2010\Projects\GLWorld\bin\GLWorld__x64Debug.lib" /MACHINE:X64 "c:\users\marc.zaku\documents\visual studio 2010\Projects\GLWorld\build/x64Debug\GLWorld.res"
         "c:\users\marc.zaku\documents\visual studio 2010\Projects\GLWorld\build/x64Debug\GLWorld__x64Debug.exe.embed.manifest.res"
         "c:\users\marc.zaku\documents\visual studio 2010\Projects\GLWorld\build/x64Debug\GLWorld.obj"
         "c:\users\marc.zaku\documents\visual studio 2010\Projects\GLWorld\build/x64Debug\stdafx.obj"
         GLWorld.vcxproj -> c:\users\marc.zaku\documents\visual studio 2010\Projects\GLWorld\bin\GLWorld__x64Debug.exe
       FinalizeBuildStatus:
         Deleting file "c:\users\marc.zaku\documents\visual studio 2010\Projects\GLWorld\build/x64Debug\GLWorld.unsuccessfulbuild".
         Touching "c:\users\marc.zaku\documents\visual studio 2010\Projects\GLWorld\build/x64Debug\GLWorld.lastbuildstate".
     1>Done Building Project "c:\Users\marc.zaku\documents\visual studio 2010\Projects\GLWorld\GLWorld\GLWorld.vcxproj" (build target(s)).

Build succeeded.

Time Elapsed 00:00:01.93
